{"/Users/bagdain/OpenSource/textfilter/dist/index.js":{"path":"/Users/bagdain/OpenSource/textfilter/dist/index.js","s":{"1":1,"2":1,"3":1,"4":1,"5":1},"b":{},"f":{"1":1},"fnMap":{"1":{"name":"(anonymous_1)","line":5,"loc":{"start":{"line":5,"column":68},"end":{"line":5,"column":80}}}},"statementMap":{"1":{"start":{"line":2,"column":0},"end":{"line":2,"column":62}},"2":{"start":{"line":3,"column":0},"end":{"line":3,"column":26}},"3":{"start":{"line":4,"column":0},"end":{"line":4,"column":33}},"4":{"start":{"line":5,"column":0},"end":{"line":5,"column":111}},"5":{"start":{"line":5,"column":82},"end":{"line":5,"column":105}}},"branchMap":{}},"/Users/bagdain/OpenSource/textfilter/dist/test.js":{"path":"/Users/bagdain/OpenSource/textfilter/dist/test.js","s":{"1":1,"2":1,"3":1,"4":1,"5":1,"6":1},"b":{},"f":{},"fnMap":{},"statementMap":{"1":{"start":{"line":2,"column":0},"end":{"line":2,"column":62}},"2":{"start":{"line":3,"column":0},"end":{"line":3,"column":26}},"3":{"start":{"line":4,"column":0},"end":{"line":13,"column":2}},"4":{"start":{"line":5,"column":4},"end":{"line":5,"column":35}},"5":{"start":{"line":6,"column":4},"end":{"line":6,"column":15}},"6":{"start":{"line":14,"column":0},"end":{"line":14,"column":28}}},"branchMap":{}}}